2019-03-11 10:59:58.073 [main] DEBUG com.test.Methods.EventHandler - Should be By.id: txtUserName
2019-03-11 10:59:58.303 [main] DEBUG com.test.Methods.EventHandler - Element found
2019-03-11 10:59:59.563 [main] DEBUG com.test.Methods.EventHandler - Should be By.id: txtPassword
2019-03-11 10:59:59.757 [main] DEBUG com.test.Methods.EventHandler - Element found
2019-03-11 11:00:00.356 [main] DEBUG com.test.Methods.EventHandler - Should be By.id: btLogIn
2019-03-11 11:00:00.436 [main] DEBUG com.test.Methods.EventHandler - Element found
2019-03-11 11:00:00.498 [main] DEBUG com.test.Methods.EventHandler - Should click input
2019-03-11 11:00:02.481 [main] DEBUG com.test.Methods.EventHandler - Clicked successfull
2019-03-11 11:00:02.482 [main] DEBUG com.test.Methods.EventHandler - Should be By.id: btChangDate
2019-03-11 11:00:02.566 [main] DEBUG com.test.Methods.EventHandler - Element found
2019-03-11 11:00:02.617 [main] DEBUG com.test.Methods.EventHandler - Should click input
2019-03-11 11:00:08.446 [main] DEBUG com.test.Methods.EventHandler - Clicked successfull
2019-03-11 11:00:08.446 [main] DEBUG com.test.Methods.EventHandler - Should be By.id: btnBranches
2019-03-11 11:00:08.560 [main] DEBUG com.test.Methods.EventHandler - Element found
2019-03-11 11:00:08.610 [main] DEBUG com.test.Methods.EventHandler - Should click a
2019-03-11 11:00:09.056 [main] DEBUG com.test.Methods.EventHandler - Clicked successfull
2019-03-11 11:00:09.057 [main] DEBUG com.test.Methods.EventHandler - Should be By.xpath: (//span[@class = 'k-in'])[2]
2019-03-11 11:00:09.654 [main] DEBUG com.test.Methods.EventHandler - Element found
2019-03-11 11:00:09.719 [main] DEBUG com.test.Methods.EventHandler - Should click span
2019-03-11 11:00:10.658 [main] DEBUG com.test.Methods.EventHandler - Clicked successfull
2019-03-11 11:00:12.947 [main] DEBUG com.test.Methods.EventHandler - Should be By.id: findOpersText
2019-03-11 11:00:16.017 [main] DEBUG com.test.Methods.EventHandler - Element found
2019-03-11 11:00:19.579 [main] DEBUG com.test.Methods.EventHandler - Should be By.xpath: //div[@id='oper-3039']/div[2]/span
2019-03-11 11:00:19.747 [main] DEBUG com.test.Methods.EventHandler - Element found
2019-03-11 11:00:19.803 [main] DEBUG com.test.Methods.EventHandler - Should click span
2019-03-11 11:00:22.404 [main] DEBUG com.test.Methods.EventHandler - Clicked successfull
2019-03-11 11:00:22.451 [main] DEBUG com.test.Methods.EventHandler - Should be By.id: mainFrame
2019-03-11 11:00:22.551 [main] DEBUG com.test.Methods.EventHandler - Element found
2019-03-11 11:00:22.661 [main] DEBUG com.test.Methods.EventHandler - Should be By.id: registerCustBtn
2019-03-11 11:00:22.710 [main] DEBUG com.test.Methods.EventHandler - Element found
2019-03-11 11:00:22.739 [main] DEBUG com.test.Methods.EventHandler - Should click a
2019-03-11 11:00:23.921 [main] DEBUG com.test.Methods.EventHandler - Clicked successfull
2019-03-11 11:00:23.922 [main] DEBUG com.test.Methods.EventHandler - Should be By.xpath: //div[@class = 'k-window-content k-content']/div/div/div[2]/button
2019-03-11 11:00:23.991 [main] DEBUG com.test.Methods.EventHandler - Element found
2019-03-11 11:00:24.021 [main] DEBUG com.test.Methods.EventHandler - Should click button
2019-03-11 11:00:26.527 [main] DEBUG com.test.Methods.EventHandler - Should be By.id: findOpersText
2019-03-11 11:00:26.648 [main] DEBUG com.test.Methods.EventHandler - Element found
2019-03-11 11:00:29.746 [main] DEBUG com.test.Methods.EventHandler - Should be By.xpath: //div[@id='oper-3039']/div[2]/span
2019-03-11 11:00:29.903 [main] DEBUG com.test.Methods.EventHandler - Element found
2019-03-11 11:00:29.967 [main] DEBUG com.test.Methods.EventHandler - Should click span
